#
# There is insufficient memory for the Java Runtime Environment to continue.
# Native memory allocation (malloc) failed to allocate 32744 bytes for ChunkPool::allocate
# Possible reasons:
#   The system is out of physical RAM or swap space
#   The process is running with CompressedOops enabled, and the Java Heap may be blocking the growth of the native heap
# Possible solutions:
#   Reduce memory load on the system
#   Increase physical memory or swap space
#   Check if swap backing store is full
#   Decrease Java heap size (-Xmx/-Xms)
#   Decrease number of Java threads
#   Decrease Java thread stack sizes (-Xss)
#   Set larger code cache with -XX:ReservedCodeCacheSize=
#   JVM is running with Unscaled Compressed Oops mode in which the Java heap is
#     placed in the first 4GB address space. The Java Heap base address is the
#     maximum limit for the native heap growth. Please use -XX:HeapBaseMinAddress
#     to set the Java Heap base and to place the Java Heap above 4GB virtual address.
# This output file may be truncated or incomplete.
#
#  Out of Memory Error (arena.cpp:78), pid=10396, tid=8752
#
# JRE version: OpenJDK Runtime Environment Temurin-17.0.1+12 (17.0.1+12) (build 17.0.1+12)
# Java VM: OpenJDK 64-Bit Server VM Temurin-17.0.1+12 (17.0.1+12, mixed mode, tiered, compressed oops, compressed class ptrs, g1 gc, windows-amd64)
# No core dump will be written. Minidumps are not enabled by default on client versions of Windows
#

---------------  S U M M A R Y ------------

Command Line: -Dfile.encoding=UTF-8 -XX:+ShowCodeDetailsInExceptionMessages com.springboot.CgSpringBootDemoApplication

Host: Intel(R) Core(TM) i5-8250U CPU @ 1.60GHz, 8 cores, 7G,  Windows 10 , 64 bit Build 19041 (10.0.19041.1503)
Time: Tue Mar  8 10:25:27 2022 India Standard Time elapsed time: 2.326373 seconds (0d 0h 0m 2s)

---------------  T H R E A D  ---------------

Current thread (0x000001c093e2b580):  JavaThread "C2 CompilerThread1" daemon [_thread_in_native, id=8752, stack(0x0000004e61e00000,0x0000004e61f00000)]


Current CompileTask:
C2:   2326 2985       4       org.springframework.beans.factory.support.AbstractBeanFactory::isTypeMatch (607 bytes)

Stack: [0x0000004e61e00000,0x0000004e61f00000]
Native frames: (J=compiled Java code, j=interpreted, Vv=VM code, C=native code)
V  [jvm.dll+0x6744da]
V  [jvm.dll+0x82e144]
V  [jvm.dll+0x82f8ee]
V  [jvm.dll+0x82ff53]
V  [jvm.dll+0x245175]
V  [jvm.dll+0xabaa0]
V  [jvm.dll+0xabdec]
V  [jvm.dll+0x368970]
V  [jvm.dll+0x367ec1]
V  [jvm.dll+0x367f04]
V  [jvm.dll+0x55dbc1]
V  [jvm.dll+0x55e393]
V  [jvm.dll+0x32d4f0]
V  [jvm.dll+0x32c96a]
V  [jvm.dll+0x218031]
V  [jvm.dll+0x217451]
V  [jvm.dll+0x1a355d]
V  [jvm.dll+0x226e38]
V  [jvm.dll+0x224f7c]
V  [jvm.dll+0x7e3f5b]
V  [jvm.dll+0x7de51a]
V  [jvm.dll+0x673305]
C  [ucrtbase.dll+0x21bb2]
C  [KERNEL32.DLL+0x17034]
C  [ntdll.dll+0x52651]


---------------  P R O C E S S  ---------------

Threads class SMR info:
_java_thread_list=0x000001c0960a3330, length=15, elements={
0x000001c0f9347230, 0x000001c09322cb30, 0x000001c09322d6e0, 0x000001c0932884d0,
0x000001c093288f80, 0x000001c093289930, 0x000001c093c05980, 0x000001c093c0ea70,
0x000001c093c10520, 0x000001c093c296c0, 0x000001c093d72f60, 0x000001c093d8e5e0,
0x000001c093e2b580, 0x000001c0956014b0, 0x000001c0946cdc40
}

Java Threads: ( => current thread )
  0x000001c0f9347230 JavaThread "main" [_thread_blocked, id=19360, stack(0x0000004e60b00000,0x0000004e60c00000)]
  0x000001c09322cb30 JavaThread "Reference Handler" daemon [_thread_blocked, id=11132, stack(0x0000004e61200000,0x0000004e61300000)]
  0x000001c09322d6e0 JavaThread "Finalizer" daemon [_thread_blocked, id=8372, stack(0x0000004e61300000,0x0000004e61400000)]
  0x000001c0932884d0 JavaThread "Signal Dispatcher" daemon [_thread_blocked, id=15520, stack(0x0000004e61400000,0x0000004e61500000)]
  0x000001c093288f80 JavaThread "Attach Listener" daemon [_thread_blocked, id=19284, stack(0x0000004e61500000,0x0000004e61600000)]
  0x000001c093289930 JavaThread "Service Thread" daemon [_thread_blocked, id=14768, stack(0x0000004e61600000,0x0000004e61700000)]
  0x000001c093c05980 JavaThread "Monitor Deflation Thread" daemon [_thread_blocked, id=9880, stack(0x0000004e61700000,0x0000004e61800000)]
  0x000001c093c0ea70 JavaThread "C2 CompilerThread0" daemon [_thread_in_native, id=6956, stack(0x0000004e61800000,0x0000004e61900000)]
  0x000001c093c10520 JavaThread "C1 CompilerThread0" daemon [_thread_blocked, id=9900, stack(0x0000004e61900000,0x0000004e61a00000)]
  0x000001c093c296c0 JavaThread "Sweeper thread" daemon [_thread_blocked, id=9772, stack(0x0000004e61a00000,0x0000004e61b00000)]
  0x000001c093d72f60 JavaThread "Notification Thread" daemon [_thread_blocked, id=14140, stack(0x0000004e61b00000,0x0000004e61c00000)]
  0x000001c093d8e5e0 JavaThread "Common-Cleaner" daemon [_thread_blocked, id=2416, stack(0x0000004e61d00000,0x0000004e61e00000)]
=>0x000001c093e2b580 JavaThread "C2 CompilerThread1" daemon [_thread_in_native, id=8752, stack(0x0000004e61e00000,0x0000004e61f00000)]
  0x000001c0956014b0 JavaThread "Thread-0" [_thread_blocked, id=6704, stack(0x0000004e62500000,0x0000004e62600000)]
  0x000001c0946cdc40 JavaThread "restartedMain" [_thread_in_vm, id=13732, stack(0x0000004e62600000,0x0000004e62700000)]

Other Threads:
  0x000001c09324ba30 VMThread "VM Thread" [stack: 0x0000004e61100000,0x0000004e61200000] [id=7952]
  0x000001c0f93a3ef0 WatcherThread [stack: 0x0000004e61c00000,0x0000004e61d00000] [id=14544]
  0x000001c0f9388d70 GCTaskThread "GC Thread#0" [stack: 0x0000004e60c00000,0x0000004e60d00000] [id=11020]
  0x000001c0957aec20 GCTaskThread "GC Thread#1" [stack: 0x0000004e61f00000,0x0000004e62000000] [id=9628]
  0x000001c095988970 GCTaskThread "GC Thread#2" [stack: 0x0000004e62000000,0x0000004e62100000] [id=17872]
  0x000001c0946cea70 GCTaskThread "GC Thread#3" [stack: 0x0000004e62100000,0x0000004e62200000] [id=19084]
  0x000001c095be1c30 GCTaskThread "GC Thread#4" [stack: 0x0000004e62200000,0x0000004e62300000] [id=10044]
  0x000001c09571cd20 GCTaskThread "GC Thread#5" [stack: 0x0000004e62300000,0x0000004e62400000] [id=7044]
  0x000001c0956071c0 GCTaskThread "GC Thread#6" [stack: 0x0000004e62400000,0x0000004e62500000] [id=13984]
  0x000001c095a77d70 GCTaskThread "GC Thread#7" [stack: 0x0000004e62800000,0x0000004e62900000] [id=364]
  0x000001c0f9399ef0 ConcurrentGCThread "G1 Main Marker" [stack: 0x0000004e60d00000,0x0000004e60e00000] [id=9992]
  0x000001c0f939a7a0 ConcurrentGCThread "G1 Conc#0" [stack: 0x0000004e60e00000,0x0000004e60f00000] [id=18340]
  0x000001c095dd8010 ConcurrentGCThread "G1 Conc#1" [stack: 0x0000004e62900000,0x0000004e62a00000] [id=17212]
  0x000001c0f94173a0 ConcurrentGCThread "G1 Refine#0" [stack: 0x0000004e60f00000,0x0000004e61000000] [id=10960]
  0x000001c0f9417c60 ConcurrentGCThread "G1 Service" [stack: 0x0000004e61000000,0x0000004e61100000] [id=8416]

Threads with active compile tasks:
C2 CompilerThread0     2374 3002       4       org.springframework.beans.factory.support.AbstractBeanFactory::isFactoryBean (60 bytes)
C2 CompilerThread1     2374 2985       4       org.springframework.beans.factory.support.AbstractBeanFactory::isTypeMatch (607 bytes)

VM state: not at safepoint (normal execution)

VM Mutex/Monitor currently owned by a thread: None

Heap address: 0x0000000082000000, size: 2016 MB, Compressed Oops mode: 32-bit

CDS archive(s) not mapped
Compressed class space mapped at: 0x0000000100000000-0x0000000140000000, reserved size: 1073741824
Narrow klass base: 0x0000000000000000, Narrow klass shift: 3, Narrow klass range: 0x140000000

GC Precious Log:
 CPUs: 8 total, 8 available
 Memory: 8056M
 Large Page Support: Disabled
 NUMA Support: Disabled
 Compressed Oops: Enabled (32-bit)
 Heap Region Size: 1M
 Heap Min Capacity: 8M
 Heap Initial Capacity: 126M
 Heap Max Capacity: 2016M
 Pre-touch: Disabled
 Parallel Workers: 8
 Concurrent Workers: 2
 Concurrent Refinement Workers: 8
 Periodic GC: Disabled

Heap:
 garbage-first heap   total 113664K, used 50986K [0x0000000082000000, 0x0000000100000000)
  region size 1024K, 42 young (43008K), 1 survivors (1024K)
 Metaspace       used 31102K, committed 31424K, reserved 1081344K
  class space    used 3630K, committed 3776K, reserved 1048576K

Heap Regions: E=young(eden), S=young(survivor), O=old, HS=humongous(starts), HC=humongous(continues), CS=collection set, F=free, OA=open archive, CA=closed archive, TAMS=top-at-mark-start (previous, next)
|   0|0x0000000082000000, 0x0000000082100000, 0x0000000082100000|100%|HS|  |TAMS 0x0000000082100000, 0x0000000082000000| Complete 
|   1|0x0000000082100000, 0x0000000082200000, 0x0000000082200000|100%| O|  |TAMS 0x0000000082200000, 0x0000000082100000| Untracked 
|   2|0x0000000082200000, 0x0000000082300000, 0x0000000082300000|100%| O|  |TAMS 0x0000000082300000, 0x0000000082200000| Untracked 
|   3|0x0000000082300000, 0x0000000082400000, 0x0000000082400000|100%| O|  |TAMS 0x0000000082400000, 0x0000000082300000| Untracked 
|   4|0x0000000082400000, 0x0000000082500000, 0x0000000082500000|100%| O|  |TAMS 0x0000000082500000, 0x0000000082400000| Untracked 
|   5|0x0000000082500000, 0x0000000082600000, 0x0000000082600000|100%| O|  |TAMS 0x0000000082600000, 0x0000000082500000| Untracked 
|   6|0x0000000082600000, 0x0000000082600000, 0x0000000082700000|  0%| F|  |TAMS 0x0000000082600000, 0x0000000082600000| Untracked 
|   7|0x0000000082700000, 0x0000000082800000, 0x0000000082800000|100%| O|  |TAMS 0x0000000082700000, 0x0000000082700000| Untracked 
|   8|0x0000000082800000, 0x0000000082900000, 0x0000000082900000|100%| O|  |TAMS 0x0000000082800000, 0x0000000082800000| Untracked 
|   9|0x0000000082900000, 0x00000000829cf600, 0x0000000082a00000| 81%| O|  |TAMS 0x0000000082900000, 0x0000000082900000| Untracked 
|  10|0x0000000082a00000, 0x0000000082a00000, 0x0000000082b00000|  0%| F|  |TAMS 0x0000000082a00000, 0x0000000082a00000| Untracked 
|  11|0x0000000082b00000, 0x0000000082b00000, 0x0000000082c00000|  0%| F|  |TAMS 0x0000000082b00000, 0x0000000082b00000| Untracked 
|  12|0x0000000082c00000, 0x0000000082c00000, 0x0000000082d00000|  0%| F|  |TAMS 0x0000000082c00000, 0x0000000082c00000| Untracked 
|  13|0x0000000082d00000, 0x0000000082d00000, 0x0000000082e00000|  0%| F|  |TAMS 0x0000000082d00000, 0x0000000082d00000| Untracked 
|  14|0x0000000082e00000, 0x0000000082e00000, 0x0000000082f00000|  0%| F|  |TAMS 0x0000000082e00000, 0x0000000082e00000| Untracked 
|  15|0x0000000082f00000, 0x0000000082f00000, 0x0000000083000000|  0%| F|  |TAMS 0x0000000082f00000, 0x0000000082f00000| Untracked 
|  16|0x0000000083000000, 0x0000000083000000, 0x0000000083100000|  0%| F|  |TAMS 0x0000000083000000, 0x0000000083000000| Untracked 
|  17|0x0000000083100000, 0x0000000083100000, 0x0000000083200000|  0%| F|  |TAMS 0x0000000083100000, 0x0000000083100000| Untracked 
|  18|0x0000000083200000, 0x00000000832fb288, 0x0000000083300000| 98%| S|CS|TAMS 0x0000000083200000, 0x0000000083200000| Complete 
|  19|0x0000000083300000, 0x0000000083300000, 0x0000000083400000|  0%| F|  |TAMS 0x0000000083300000, 0x0000000083300000| Untracked 
|  20|0x0000000083400000, 0x0000000083400000, 0x0000000083500000|  0%| F|  |TAMS 0x0000000083400000, 0x0000000083400000| Untracked 
|  21|0x0000000083500000, 0x0000000083500000, 0x0000000083600000|  0%| F|  |TAMS 0x0000000083500000, 0x0000000083500000| Untracked 
|  22|0x0000000083600000, 0x0000000083600000, 0x0000000083700000|  0%| F|  |TAMS 0x0000000083600000, 0x0000000083600000| Untracked 
|  23|0x0000000083700000, 0x0000000083700000, 0x0000000083800000|  0%| F|  |TAMS 0x0000000083700000, 0x0000000083700000| Untracked 
|  24|0x0000000083800000, 0x0000000083800000, 0x0000000083900000|  0%| F|  |TAMS 0x0000000083800000, 0x0000000083800000| Untracked 
|  25|0x0000000083900000, 0x0000000083900000, 0x0000000083a00000|  0%| F|  |TAMS 0x0000000083900000, 0x0000000083900000| Untracked 
|  26|0x0000000083a00000, 0x0000000083a00000, 0x0000000083b00000|  0%| F|  |TAMS 0x0000000083a00000, 0x0000000083a00000| Untracked 
|  27|0x0000000083b00000, 0x0000000083b00000, 0x0000000083c00000|  0%| F|  |TAMS 0x0000000083b00000, 0x0000000083b00000| Untracked 
|  28|0x0000000083c00000, 0x0000000083c00000, 0x0000000083d00000|  0%| F|  |TAMS 0x0000000083c00000, 0x0000000083c00000| Untracked 
|  29|0x0000000083d00000, 0x0000000083d00000, 0x0000000083e00000|  0%| F|  |TAMS 0x0000000083d00000, 0x0000000083d00000| Untracked 
|  30|0x0000000083e00000, 0x0000000083e00000, 0x0000000083f00000|  0%| F|  |TAMS 0x0000000083e00000, 0x0000000083e00000| Untracked 
|  31|0x0000000083f00000, 0x0000000083f00000, 0x0000000084000000|  0%| F|  |TAMS 0x0000000083f00000, 0x0000000083f00000| Untracked 
|  32|0x0000000084000000, 0x0000000084000000, 0x0000000084100000|  0%| F|  |TAMS 0x0000000084000000, 0x0000000084000000| Untracked 
|  33|0x0000000084100000, 0x0000000084100000, 0x0000000084200000|  0%| F|  |TAMS 0x0000000084100000, 0x0000000084100000| Untracked 
|  34|0x0000000084200000, 0x0000000084200000, 0x0000000084300000|  0%| F|  |TAMS 0x0000000084200000, 0x0000000084200000| Untracked 
|  35|0x0000000084300000, 0x0000000084300000, 0x0000000084400000|  0%| F|  |TAMS 0x0000000084300000, 0x0000000084300000| Untracked 
|  36|0x0000000084400000, 0x0000000084400000, 0x0000000084500000|  0%| F|  |TAMS 0x0000000084400000, 0x0000000084400000| Untracked 
|  37|0x0000000084500000, 0x0000000084500000, 0x0000000084600000|  0%| F|  |TAMS 0x0000000084500000, 0x0000000084500000| Untracked 
|  38|0x0000000084600000, 0x0000000084600000, 0x0000000084700000|  0%| F|  |TAMS 0x0000000084600000, 0x0000000084600000| Untracked 
|  39|0x0000000084700000, 0x0000000084700000, 0x0000000084800000|  0%| F|  |TAMS 0x0000000084700000, 0x0000000084700000| Untracked 
|  40|0x0000000084800000, 0x0000000084800000, 0x0000000084900000|  0%| F|  |TAMS 0x0000000084800000, 0x0000000084800000| Untracked 
|  41|0x0000000084900000, 0x0000000084900000, 0x0000000084a00000|  0%| F|  |TAMS 0x0000000084900000, 0x0000000084900000| Untracked 
|  42|0x0000000084a00000, 0x0000000084a00000, 0x0000000084b00000|  0%| F|  |TAMS 0x0000000084a00000, 0x0000000084a00000| Untracked 
|  43|0x0000000084b00000, 0x0000000084b00000, 0x0000000084c00000|  0%| F|  |TAMS 0x0000000084b00000, 0x0000000084b00000| Untracked 
|  44|0x0000000084c00000, 0x0000000084c00000, 0x0000000084d00000|  0%| F|  |TAMS 0x0000000084c00000, 0x0000000084c00000| Untracked 
|  45|0x0000000084d00000, 0x0000000084d00000, 0x0000000084e00000|  0%| F|  |TAMS 0x0000000084d00000, 0x0000000084d00000| Untracked 
|  46|0x0000000084e00000, 0x0000000084e00000, 0x0000000084f00000|  0%| F|  |TAMS 0x0000000084e00000, 0x0000000084e00000| Untracked 
|  47|0x0000000084f00000, 0x0000000084f00000, 0x0000000085000000|  0%| F|  |TAMS 0x0000000084f00000, 0x0000000084f00000| Untracked 
|  48|0x0000000085000000, 0x0000000085000000, 0x0000000085100000|  0%| F|  |TAMS 0x0000000085000000, 0x0000000085000000| Untracked 
|  49|0x0000000085100000, 0x0000000085100000, 0x0000000085200000|  0%| F|  |TAMS 0x0000000085100000, 0x0000000085100000| Untracked 
|  50|0x0000000085200000, 0x0000000085200000, 0x0000000085300000|  0%| F|  |TAMS 0x0000000085200000, 0x0000000085200000| Untracked 
|  51|0x0000000085300000, 0x0000000085300000, 0x0000000085400000|  0%| F|  |TAMS 0x0000000085300000, 0x0000000085300000| Untracked 
|  52|0x0000000085400000, 0x0000000085400000, 0x0000000085500000|  0%| F|  |TAMS 0x0000000085400000, 0x0000000085400000| Untracked 
|  53|0x0000000085500000, 0x0000000085500000, 0x0000000085600000|  0%| F|  |TAMS 0x0000000085500000, 0x0000000085500000| Untracked 
|  54|0x0000000085600000, 0x0000000085600000, 0x0000000085700000|  0%| F|  |TAMS 0x0000000085600000, 0x0000000085600000| Untracked 
|  55|0x0000000085700000, 0x0000000085700000, 0x0000000085800000|  0%| F|  |TAMS 0x0000000085700000, 0x0000000085700000| Untracked 
|  56|0x0000000085800000, 0x0000000085800000, 0x0000000085900000|  0%| F|  |TAMS 0x0000000085800000, 0x0000000085800000| Untracked 
|  57|0x0000000085900000, 0x0000000085900000, 0x0000000085a00000|  0%| F|  |TAMS 0x0000000085900000, 0x0000000085900000| Untracked 
|  58|0x0000000085a00000, 0x0000000085a00000, 0x0000000085b00000|  0%| F|  |TAMS 0x0000000085a00000, 0x0000000085a00000| Untracked 
|  59|0x0000000085b00000, 0x0000000085b00000, 0x0000000085c00000|  0%| F|  |TAMS 0x0000000085b00000, 0x0000000085b00000| Untracked 
|  60|0x0000000085c00000, 0x0000000085c00000, 0x0000000085d00000|  0%| F|  |TAMS 0x0000000085c00000, 0x0000000085c00000| Untracked 
|  61|0x0000000085d00000, 0x0000000085d00000, 0x0000000085e00000|  0%| F|  |TAMS 0x0000000085d00000, 0x0000000085d00000| Untracked 
|  62|0x0000000085e00000, 0x0000000085e00000, 0x0000000085f00000|  0%| F|  |TAMS 0x0000000085e00000, 0x0000000085e00000| Untracked 
|  63|0x0000000085f00000, 0x0000000085f00000, 0x0000000086000000|  0%| F|  |TAMS 0x0000000085f00000, 0x0000000085f00000| Untracked 
|  64|0x0000000086000000, 0x0000000086000000, 0x0000000086100000|  0%| F|  |TAMS 0x0000000086000000, 0x0000000086000000| Untracked 
|  65|0x0000000086100000, 0x0000000086100000, 0x0000000086200000|  0%| F|  |TAMS 0x0000000086100000, 0x0000000086100000| Untracked 
|  66|0x0000000086200000, 0x0000000086200000, 0x0000000086300000|  0%| F|  |TAMS 0x0000000086200000, 0x0000000086200000| Untracked 
|  67|0x0000000086300000, 0x0000000086300000, 0x0000000086400000|  0%| F|  |TAMS 0x0000000086300000, 0x0000000086300000| Untracked 
|  68|0x0000000086400000, 0x0000000086400000, 0x0000000086500000|  0%| F|  |TAMS 0x0000000086400000, 0x0000000086400000| Untracked 
|  69|0x0000000086500000, 0x0000000086500000, 0x0000000086600000|  0%| F|  |TAMS 0x0000000086500000, 0x0000000086500000| Untracked 
|  70|0x0000000086600000, 0x0000000086700000, 0x0000000086700000|100%| E|  |TAMS 0x0000000086600000, 0x0000000086600000| Complete 
|  71|0x0000000086700000, 0x0000000086800000, 0x0000000086800000|100%| E|CS|TAMS 0x0000000086700000, 0x0000000086700000| Complete 
|  72|0x0000000086800000, 0x0000000086900000, 0x0000000086900000|100%| E|CS|TAMS 0x0000000086800000, 0x0000000086800000| Complete 
|  73|0x0000000086900000, 0x0000000086a00000, 0x0000000086a00000|100%| E|CS|TAMS 0x0000000086900000, 0x0000000086900000| Complete 
|  74|0x0000000086a00000, 0x0000000086b00000, 0x0000000086b00000|100%| E|CS|TAMS 0x0000000086a00000, 0x0000000086a00000| Complete 
|  75|0x0000000086b00000, 0x0000000086c00000, 0x0000000086c00000|100%| E|CS|TAMS 0x0000000086b00000, 0x0000000086b00000| Complete 
|  76|0x0000000086c00000, 0x0000000086d00000, 0x0000000086d00000|100%| E|CS|TAMS 0x0000000086c00000, 0x0000000086c00000| Complete 
|  77|0x0000000086d00000, 0x0000000086e00000, 0x0000000086e00000|100%| E|CS|TAMS 0x0000000086d00000, 0x0000000086d00000| Complete 
|  78|0x0000000086e00000, 0x0000000086f00000, 0x0000000086f00000|100%| E|CS|TAMS 0x0000000086e00000, 0x0000000086e00000| Complete 
|  79|0x0000000086f00000, 0x0000000087000000, 0x0000000087000000|100%| E|CS|TAMS 0x0000000086f00000, 0x0000000086f00000| Complete 
|  80|0x0000000087000000, 0x0000000087100000, 0x0000000087100000|100%| E|CS|TAMS 0x0000000087000000, 0x0000000087000000| Complete 
|  81|0x0000000087100000, 0x0000000087200000, 0x0000000087200000|100%| E|CS|TAMS 0x0000000087100000, 0x0000000087100000| Complete 
|  82|0x0000000087200000, 0x0000000087300000, 0x0000000087300000|100%| E|CS|TAMS 0x0000000087200000, 0x0000000087200000| Complete 
|  83|0x0000000087300000, 0x0000000087400000, 0x0000000087400000|100%| E|CS|TAMS 0x0000000087300000, 0x0000000087300000| Complete 
|  84|0x0000000087400000, 0x0000000087500000, 0x0000000087500000|100%| E|CS|TAMS 0x0000000087400000, 0x0000000087400000| Complete 
|  85|0x0000000087500000, 0x0000000087600000, 0x0000000087600000|100%| E|CS|TAMS 0x0000000087500000, 0x0000000087500000| Complete 
|  86|0x0000000087600000, 0x0000000087700000, 0x0000000087700000|100%| E|CS|TAMS 0x0000000087600000, 0x0000000087600000| Complete 
|  87|0x0000000087700000, 0x0000000087800000, 0x0000000087800000|100%| E|CS|TAMS 0x0000000087700000, 0x0000000087700000| Complete 
|  88|0x0000000087800000, 0x0000000087900000, 0x0000000087900000|100%| E|CS|TAMS 0x0000000087800000, 0x0000000087800000| Complete 
|  89|0x0000000087900000, 0x0000000087a00000, 0x0000000087a00000|100%| E|CS|TAMS 0x0000000087900000, 0x0000000087900000| Complete 
|  90|0x0000000087a00000, 0x0000000087b00000, 0x0000000087b00000|100%| E|CS|TAMS 0x0000000087a00000, 0x0000000087a00000| Complete 
|  91|0x0000000087b00000, 0x0000000087c00000, 0x0000000087c00000|100%| E|CS|TAMS 0x0000000087b00000, 0x0000000087b00000| Complete 
|  92|0x0000000087c00000, 0x0000000087d00000, 0x0000000087d00000|100%| E|CS|TAMS 0x0000000087c00000, 0x0000000087c00000| Complete 
|  93|0x0000000087d00000, 0x0000000087e00000, 0x0000000087e00000|100%| E|CS|TAMS 0x0000000087d00000, 0x0000000087d00000| Complete 
|  94|0x0000000087e00000, 0x0000000087f00000, 0x0000000087f00000|100%| E|CS|TAMS 0x0000000087e00000, 0x0000000087e00000| Complete 
|  95|0x0000000087f00000, 0x0000000088000000, 0x0000000088000000|100%| E|CS|TAMS 0x0000000087f00000, 0x0000000087f00000| Complete 
|  96|0x0000000088000000, 0x0000000088100000, 0x0000000088100000|100%| E|CS|TAMS 0x0000000088000000, 0x0000000088000000| Complete 
|  97|0x0000000088100000, 0x0000000088200000, 0x0000000088200000|100%| E|CS|TAMS 0x0000000088100000, 0x0000000088100000| Complete 
|  98|0x0000000088200000, 0x0000000088300000, 0x0000000088300000|100%| E|CS|TAMS 0x0000000088200000, 0x0000000088200000| Complete 
|  99|0x0000000088300000, 0x0000000088400000, 0x0000000088400000|100%| E|CS|TAMS 0x0000000088300000, 0x0000000088300000| Complete 
| 100|0x0000000088400000, 0x0000000088500000, 0x0000000088500000|100%| E|CS|TAMS 0x0000000088400000, 0x0000000088400000| Complete 
| 101|0x0000000088500000, 0x0000000088600000, 0x0000000088600000|100%| E|CS|TAMS 0x0000000088500000, 0x0000000088500000| Complete 
| 102|0x0000000088600000, 0x0000000088700000, 0x0000000088700000|100%| E|CS|TAMS 0x0000000088600000, 0x0000000088600000| Complete 
| 103|0x0000000088700000, 0x0000000088800000, 0x0000000088800000|100%| E|CS|TAMS 0x0000000088700000, 0x0000000088700000| Complete 
| 104|0x0000000088800000, 0x0000000088900000, 0x0000000088900000|100%| E|CS|TAMS 0x0000000088800000, 0x0000000088800000| Complete 
| 105|0x0000000088900000, 0x0000000088a00000, 0x0000000088a00000|100%| E|CS|TAMS 0x0000000088900000, 0x0000000088900000| Complete 
| 106|0x0000000088a00000, 0x0000000088b00000, 0x0000000088b00000|100%| E|CS|TAMS 0x0000000088a00000, 0x0000000088a00000| Complete 
| 107|0x0000000088b00000, 0x0000000088c00000, 0x0000000088c00000|100%| E|CS|TAMS 0x0000000088b00000, 0x0000000088b00000| Complete 
| 108|0x0000000088c00000, 0x0000000088d00000, 0x0000000088d00000|100%| E|CS|TAMS 0x0000000088c00000, 0x0000000088c00000| Complete 
| 109|0x0000000088d00000, 0x0000000088e00000, 0x0000000088e00000|100%| E|CS|TAMS 0x0000000088d00000, 0x0000000088d00000| Complete 
| 125|0x0000000089d00000, 0x0000000089e00000, 0x0000000089e00000|100%| E|CS|TAMS 0x0000000089d00000, 0x0000000089d00000| Complete 

Card table byte_map: [0x000001c0fd110000,0x000001c0fd500000] _byte_map_base: 0x000001c0fcd00000

Marking Bits (Prev, Next): (CMBitMap*) 0x000001c0f9389260, (CMBitMap*) 0x000001c0f9389220
 Prev Bits: [0x000001c08f000000, 0x000001c090f80000)
 Next Bits: [0x000001c0fd8f0000, 0x000001c0ff870000)

Polling page: 0x000001c0f7240000

Metaspace:

Usage:
  Non-class:     26.83 MB used.
      Class:      3.55 MB used.
       Both:     30.37 MB used.

Virtual space:
  Non-class space:       32.00 MB reserved,      27.00 MB ( 84%) committed,  4 nodes.
      Class space:        1.00 GB reserved,       3.69 MB ( <1%) committed,  1 nodes.
             Both:        1.03 GB reserved,      30.69 MB (  3%) committed. 

Chunk freelists:
   Non-Class:  592.00 KB
       Class:  352.00 KB
        Both:  944.00 KB

MaxMetaspaceSize: unlimited
CompressedClassSpaceSize: 1.00 GB
Initial GC threshold: 21.00 MB
Current GC threshold: 35.31 MB
CDS: off
MetaspaceReclaimPolicy: balanced
 - commit_granule_bytes: 65536.
 - commit_granule_words: 8192.
 - virtual_space_node_default_size: 1048576.
 - enlarge_chunks_in_place: 1.
 - new_chunks_are_fully_committed: 0.
 - uncommit_free_chunks: 1.
 - use_allocation_guard: 0.
 - handle_deallocations: 1.


Internal statistics:

num_allocs_failed_limit: 3.
num_arena_births: 278.
num_arena_deaths: 2.
num_vsnodes_births: 5.
num_vsnodes_deaths: 0.
num_space_committed: 491.
num_space_uncommitted: 0.
num_chunks_returned_to_freelist: 6.
num_chunks_taken_from_freelist: 1110.
num_chunk_merges: 3.
num_chunk_splits: 727.
num_chunks_enlarged: 533.
num_purges: 2.
num_inconsistent_stats: 0.

CodeHeap 'non-profiled nmethods': size=120000Kb used=1395Kb max_used=1395Kb free=118604Kb
 bounds [0x000001c087ad0000, 0x000001c087d40000, 0x000001c08f000000]
CodeHeap 'profiled nmethods': size=120000Kb used=6747Kb max_used=6747Kb free=113252Kb
 bounds [0x000001c0805a0000, 0x000001c080c40000, 0x000001c087ad0000]
CodeHeap 'non-nmethods': size=5760Kb used=1176Kb max_used=1244Kb free=4583Kb
 bounds [0x000001c080000000, 0x000001c080270000, 0x000001c0805a0000]
 total_blobs=3622 nmethods=3155 adapters=379
 compilation: enabled
              stopped_count=0, restarted_count=0
 full_count=0

Compilation events (20 events):
Event: 2.314 Thread 0x000001c093c10520 3156       3       org.springframework.core.annotation.AnnotationsScanner::getBaseTypeMethods (145 bytes)
Event: 2.315 Thread 0x000001c093c10520 nmethod 3156 0x000001c080c2f510 code [0x000001c080c2f7c0, 0x000001c080c30468]
Event: 2.315 Thread 0x000001c093c10520 3161       3       org.springframework.transaction.annotation.AnnotationTransactionAttributeSource::determineTransactionAttribute (51 bytes)
Event: 2.315 Thread 0x000001c093c10520 nmethod 3161 0x000001c080c30890 code [0x000001c080c30a80, 0x000001c080c310b8]
Event: 2.315 Thread 0x000001c093c10520 3159       3       org.springframework.util.ClassUtils::getUserClass (31 bytes)
Event: 2.316 Thread 0x000001c093c10520 nmethod 3159 0x000001c080c31290 code [0x000001c080c31480, 0x000001c080c318e8]
Event: 2.316 Thread 0x000001c093c10520 3160       3       org.springframework.util.ClassUtils::isOverridable (61 bytes)
Event: 2.317 Thread 0x000001c093c10520 nmethod 3160 0x000001c080c31a90 code [0x000001c080c31de0, 0x000001c080c33108]
Event: 2.317 Thread 0x000001c093c10520 3157       3       org.springframework.transaction.interceptor.AbstractFallbackTransactionAttributeSource::getTransactionAttribute (186 bytes)
Event: 2.317 Thread 0x000001c093c10520 nmethod 3157 0x000001c080c33790 code [0x000001c080c33a80, 0x000001c080c34bd8]
Event: 2.317 Thread 0x000001c093c10520 3163       3       java.lang.reflect.AccessibleObject::getAnnotations (5 bytes)
Event: 2.318 Thread 0x000001c093c10520 nmethod 3163 0x000001c080c35090 code [0x000001c080c35240, 0x000001c080c35408]
Event: 2.321 Thread 0x000001c093c10520 3164       3       org.springframework.boot.context.properties.bind.JavaBeanBinder$Bean$$Lambda$447/0x000000010036d8d8::apply (8 bytes)
Event: 2.321 Thread 0x000001c093c10520 nmethod 3164 0x000001c080c35490 code [0x000001c080c35620, 0x000001c080c35838]
Event: 2.321 Thread 0x000001c093c10520 3165       3       org.springframework.boot.context.properties.bind.Bindable::<init> (32 bytes)
Event: 2.322 Thread 0x000001c093c10520 nmethod 3165 0x000001c080c35910 code [0x000001c080c35ac0, 0x000001c080c35df8]
Event: 2.322 Thread 0x000001c093c10520 3166       3       org.springframework.boot.context.properties.source.SpringIterableConfigurationPropertySource$Mappings::getConfigurationPropertyNames (74 bytes)
Event: 2.323 Thread 0x000001c093c10520 nmethod 3166 0x000001c080c35e90 code [0x000001c080c36080, 0x000001c080c36818]
Event: 2.323 Thread 0x000001c093c10520 3167       3       org.springframework.beans.factory.annotation.InjectionMetadata::needsRefresh (18 bytes)
Event: 2.323 Thread 0x000001c093c10520 nmethod 3167 0x000001c080c36a10 code [0x000001c080c36bc0, 0x000001c080c36e08]

GC Heap History (14 events):
Event: 0.542 GC heap before
{Heap before GC invocations=0 (full 0):
 garbage-first heap   total 129024K, used 23552K [0x0000000082000000, 0x0000000100000000)
  region size 1024K, 23 young (23552K), 0 survivors (0K)
 Metaspace       used 11624K, committed 11840K, reserved 1064960K
  class space    used 1100K, committed 1216K, reserved 1048576K
}
Event: 0.547 GC heap after
{Heap after GC invocations=1 (full 0):
 garbage-first heap   total 129024K, used 6336K [0x0000000082000000, 0x0000000100000000)
  region size 1024K, 3 young (3072K), 3 survivors (3072K)
 Metaspace       used 11624K, committed 11840K, reserved 1064960K
  class space    used 1100K, committed 1216K, reserved 1048576K
}
Event: 0.556 GC heap before
{Heap before GC invocations=1 (full 0):
 garbage-first heap   total 129024K, used 35008K [0x0000000082000000, 0x0000000100000000)
  region size 1024K, 32 young (32768K), 3 survivors (3072K)
 Metaspace       used 11624K, committed 11840K, reserved 1064960K
  class space    used 1100K, committed 1216K, reserved 1048576K
}
Event: 0.558 GC heap after
{Heap after GC invocations=2 (full 0):
 garbage-first heap   total 129024K, used 6391K [0x0000000082000000, 0x0000000100000000)
  region size 1024K, 1 young (1024K), 1 survivors (1024K)
 Metaspace       used 11624K, committed 11840K, reserved 1064960K
  class space    used 1100K, committed 1216K, reserved 1048576K
}
Event: 1.119 GC heap before
{Heap before GC invocations=2 (full 0):
 garbage-first heap   total 129024K, used 45303K [0x0000000082000000, 0x0000000100000000)
  region size 1024K, 41 young (41984K), 1 survivors (1024K)
 Metaspace       used 21320K, committed 21504K, reserved 1073152K
  class space    used 2291K, committed 2368K, reserved 1048576K
}
Event: 1.122 GC heap after
{Heap after GC invocations=3 (full 0):
 garbage-first heap   total 129024K, used 8551K [0x0000000082000000, 0x0000000100000000)
  region size 1024K, 3 young (3072K), 3 survivors (3072K)
 Metaspace       used 21320K, committed 21504K, reserved 1073152K
  class space    used 2291K, committed 2368K, reserved 1048576K
}
Event: 1.270 GC heap before
{Heap before GC invocations=4 (full 0):
 garbage-first heap   total 37888K, used 26983K [0x0000000082000000, 0x0000000100000000)
  region size 1024K, 23 young (23552K), 3 survivors (3072K)
 Metaspace       used 23595K, committed 23872K, reserved 1073152K
  class space    used 2614K, committed 2752K, reserved 1048576K
}
Event: 1.273 GC heap after
{Heap after GC invocations=5 (full 0):
 garbage-first heap   total 37888K, used 9264K [0x0000000082000000, 0x0000000100000000)
  region size 1024K, 3 young (3072K), 3 survivors (3072K)
 Metaspace       used 23595K, committed 23872K, reserved 1073152K
  class space    used 2614K, committed 2752K, reserved 1048576K
}
Event: 1.274 GC heap before
{Heap before GC invocations=5 (full 0):
 garbage-first heap   total 37888K, used 10288K [0x0000000082000000, 0x0000000100000000)
  region size 1024K, 5 young (5120K), 3 survivors (3072K)
 Metaspace       used 23595K, committed 23872K, reserved 1073152K
  class space    used 2614K, committed 2752K, reserved 1048576K
}
Event: 1.276 GC heap after
{Heap after GC invocations=6 (full 0):
 garbage-first heap   total 37888K, used 9061K [0x0000000082000000, 0x0000000100000000)
  region size 1024K, 1 young (1024K), 1 survivors (1024K)
 Metaspace       used 23595K, committed 23872K, reserved 1073152K
  class space    used 2614K, committed 2752K, reserved 1048576K
}
Event: 1.280 GC heap before
{Heap before GC invocations=6 (full 0):
 garbage-first heap   total 37888K, used 26469K [0x0000000082000000, 0x0000000100000000)
  region size 1024K, 19 young (19456K), 1 survivors (1024K)
 Metaspace       used 23595K, committed 23872K, reserved 1073152K
  class space    used 2614K, committed 2752K, reserved 1048576K
}
Event: 1.280 GC heap after
{Heap after GC invocations=7 (full 0):
 garbage-first heap   total 37888K, used 9084K [0x0000000082000000, 0x0000000100000000)
  region size 1024K, 1 young (1024K), 1 survivors (1024K)
 Metaspace       used 23595K, committed 23872K, reserved 1073152K
  class space    used 2614K, committed 2752K, reserved 1048576K
}
Event: 1.484 GC heap before
{Heap before GC invocations=7 (full 0):
 garbage-first heap   total 37888K, used 26492K [0x0000000082000000, 0x0000000100000000)
  region size 1024K, 19 young (19456K), 1 survivors (1024K)
 Metaspace       used 24987K, committed 25216K, reserved 1073152K
  class space    used 2755K, committed 2880K, reserved 1048576K
}
Event: 1.486 GC heap after
{Heap after GC invocations=8 (full 0):
 garbage-first heap   total 113664K, used 10026K [0x0000000082000000, 0x0000000100000000)
  region size 1024K, 1 young (1024K), 1 survivors (1024K)
 Metaspace       used 24987K, committed 25216K, reserved 1073152K
  class space    used 2755K, committed 2880K, reserved 1048576K
}

Deoptimization events (20 events):
Event: 2.244 Thread 0x000001c0946cdc40 Uncommon trap: trap_request=0xffffffde fr.pc=0x000001c087b52b80 relative=0x0000000000000140
Event: 2.244 Thread 0x000001c0946cdc40 Uncommon trap: reason=class_check action=maybe_recompile pc=0x000001c087b52b80 method=org.springframework.boot.context.properties.source.ConfigurationPropertyName$Elements.charAt(II)C @ 43 c2
Event: 2.244 Thread 0x000001c0946cdc40 DEOPT PACKING pc=0x000001c087b52b80 sp=0x0000004e626fb6e0
Event: 2.244 Thread 0x000001c0946cdc40 DEOPT UNPACKING pc=0x000001c0800523a3 sp=0x0000004e626fb658 mode 2
Event: 2.244 Thread 0x000001c0946cdc40 Uncommon trap: trap_request=0xffffffde fr.pc=0x000001c087b52b80 relative=0x0000000000000140
Event: 2.244 Thread 0x000001c0946cdc40 Uncommon trap: reason=class_check action=maybe_recompile pc=0x000001c087b52b80 method=org.springframework.boot.context.properties.source.ConfigurationPropertyName$Elements.charAt(II)C @ 43 c2
Event: 2.244 Thread 0x000001c0946cdc40 DEOPT PACKING pc=0x000001c087b52b80 sp=0x0000004e626fb6e0
Event: 2.244 Thread 0x000001c0946cdc40 DEOPT UNPACKING pc=0x000001c0800523a3 sp=0x0000004e626fb658 mode 2
Event: 2.253 Thread 0x000001c0946cdc40 Uncommon trap: trap_request=0xffffffde fr.pc=0x000001c087b2ec90 relative=0x0000000000000ff0
Event: 2.253 Thread 0x000001c0946cdc40 Uncommon trap: reason=class_check action=maybe_recompile pc=0x000001c087b2ec90 method=java.util.concurrent.ConcurrentHashMap.putVal(Ljava/lang/Object;Ljava/lang/Object;Z)Ljava/lang/Object; @ 242 c2
Event: 2.253 Thread 0x000001c0946cdc40 DEOPT PACKING pc=0x000001c087b2ec90 sp=0x0000004e626fcbe0
Event: 2.253 Thread 0x000001c0946cdc40 DEOPT UNPACKING pc=0x000001c0800523a3 sp=0x0000004e626fcb60 mode 2
Event: 2.254 Thread 0x000001c0946cdc40 Uncommon trap: trap_request=0xffffffde fr.pc=0x000001c087b2ec90 relative=0x0000000000000ff0
Event: 2.254 Thread 0x000001c0946cdc40 Uncommon trap: reason=class_check action=maybe_recompile pc=0x000001c087b2ec90 method=java.util.concurrent.ConcurrentHashMap.putVal(Ljava/lang/Object;Ljava/lang/Object;Z)Ljava/lang/Object; @ 242 c2
Event: 2.254 Thread 0x000001c0946cdc40 DEOPT PACKING pc=0x000001c087b2ec90 sp=0x0000004e626fcbe0
Event: 2.254 Thread 0x000001c0946cdc40 DEOPT UNPACKING pc=0x000001c0800523a3 sp=0x0000004e626fcb60 mode 2
Event: 2.304 Thread 0x000001c0946cdc40 Uncommon trap: trap_request=0xffffff45 fr.pc=0x000001c087b30804 relative=0x0000000000000064
Event: 2.304 Thread 0x000001c0946cdc40 Uncommon trap: reason=unstable_if action=reinterpret pc=0x000001c087b30804 method=sun.net.www.ParseUtil.firstEncodeIndex(Ljava/lang/String;)I @ 51 c2
Event: 2.304 Thread 0x000001c0946cdc40 DEOPT PACKING pc=0x000001c087b30804 sp=0x0000004e626f9860
Event: 2.304 Thread 0x000001c0946cdc40 DEOPT UNPACKING pc=0x000001c0800523a3 sp=0x0000004e626f97e8 mode 2

Classes unloaded (1 events):
Event: 1.129 Thread 0x000001c09324ba30 Unloading class 0x00000001000c8400 'java/lang/invoke/LambdaForm$MH+0x00000001000c8400'

Classes redefined (0 events):
No events

Internal exceptions (20 events):
Event: 2.062 Thread 0x000001c0946cdc40 Exception <a 'java/lang/ClassNotFoundException'{0x00000000871c9e18}: org/springframework/beans/factory/config/BeanPostProcessorCustomizer> (0x00000000871c9e18) 
thrown [e:\jenkins\tmp\workspace\build\src\src\hotspot\share\classfile\systemDictionary.cpp, line 256]
Event: 2.063 Thread 0x000001c0946cdc40 Exception <a 'java/lang/ClassNotFoundException'{0x00000000871cff98}: org/springframework/beans/factory/BeanFactoryAwareCustomizer> (0x00000000871cff98) 
thrown [e:\jenkins\tmp\workspace\build\src\src\hotspot\share\classfile\systemDictionary.cpp, line 256]
Event: 2.063 Thread 0x000001c0946cdc40 Exception <a 'java/lang/ClassNotFoundException'{0x00000000871d6008}: org/springframework/beans/factory/AwareCustomizer> (0x00000000871d6008) 
thrown [e:\jenkins\tmp\workspace\build\src\src\hotspot\share\classfile\systemDictionary.cpp, line 256]
Event: 2.063 Thread 0x000001c0946cdc40 Exception <a 'java/lang/ClassNotFoundException'{0x00000000871da510}: org/springframework/core/OrderedCustomizer> (0x00000000871da510) 
thrown [e:\jenkins\tmp\workspace\build\src\src\hotspot\share\classfile\systemDictionary.cpp, line 256]
Event: 2.064 Thread 0x000001c0946cdc40 Exception <a 'java/lang/ClassNotFoundException'{0x00000000871dfa90}: org/springframework/beans/factory/BeanClassLoaderAwareCustomizer> (0x00000000871dfa90) 
thrown [e:\jenkins\tmp\workspace\build\src\src\hotspot\share\classfile\systemDictionary.cpp, line 256]
Event: 2.064 Thread 0x000001c0946cdc40 Exception <a 'java/lang/ClassNotFoundException'{0x00000000871e5040}: org/springframework/beans/factory/AwareCustomizer> (0x00000000871e5040) 
thrown [e:\jenkins\tmp\workspace\build\src\src\hotspot\share\classfile\systemDictionary.cpp, line 256]
Event: 2.064 Thread 0x000001c0946cdc40 Exception <a 'java/lang/ClassNotFoundException'{0x00000000871e9ab0}: org/springframework/aop/framework/AopInfrastructureBeanCustomizer> (0x00000000871e9ab0) 
thrown [e:\jenkins\tmp\workspace\build\src\src\hotspot\share\classfile\systemDictionary.cpp, line 256]
Event: 2.087 Thread 0x000001c0946cdc40 Exception <a 'java/lang/ClassNotFoundException'{0x00000000870e0ed0}: java/lang/ObjectCustomizer> (0x00000000870e0ed0) 
thrown [e:\jenkins\tmp\workspace\build\src\src\hotspot\share\classfile\systemDictionary.cpp, line 256]
Event: 2.088 Thread 0x000001c0946cdc40 Exception <a 'java/lang/ClassNotFoundException'{0x00000000870e9ef0}: org/springframework/transaction/annotation/AbstractTransactionManagementConfigurationCustomizer> (0x00000000870e9ef0) 
thrown [e:\jenkins\tmp\workspace\build\src\src\hotspot\share\classfile\systemDictionary.cpp, line 256]
Event: 2.088 Thread 0x000001c0946cdc40 Exception <a 'java/lang/ClassNotFoundException'{0x00000000870f1be0}: org/springframework/transaction/annotation/ProxyTransactionManagementConfigurationCustomizer> (0x00000000870f1be0) 
thrown [e:\jenkins\tmp\workspace\build\src\src\hotspot\share\classfile\systemDictionary.cpp, line 256]
Event: 2.089 Thread 0x000001c0946cdc40 Exception <a 'java/lang/ClassNotFoundException'{0x00000000870fad28}: org/springframework/context/annotation/ImportAwareCustomizer> (0x00000000870fad28) 
thrown [e:\jenkins\tmp\workspace\build\src\src\hotspot\share\classfile\systemDictionary.cpp, line 256]
Event: 2.089 Thread 0x000001c0946cdc40 Exception <a 'java/lang/ClassNotFoundException'{0x0000000086f013e0}: org/springframework/beans/factory/AwareCustomizer> (0x0000000086f013e0) 
thrown [e:\jenkins\tmp\workspace\build\src\src\hotspot\share\classfile\systemDictionary.cpp, line 256]
Event: 2.128 Thread 0x000001c0946cdc40 Exception <a 'java/lang/NoSuchMethodError'{0x0000000086eb8100}: 'java.lang.Object java.lang.invoke.DirectMethodHandle$Holder.invokeSpecialIFC(java.lang.Object, java.lang.Object, java.lang.Object)'> (0x0000000086eb8100) 
thrown [e:\jenkins\tmp\workspace\build\src\src\hotspot\share\interpreter\linkResolver.cpp, line 766]
Event: 2.185 Thread 0x000001c0946cdc40 Exception <a 'java/lang/NoSuchMethodError'{0x0000000086c06428}: 'int java.lang.invoke.DirectMethodHandle$Holder.invokeSpecial(java.lang.Object, java.lang.Object, java.lang.Object, java.lang.Object, java.lang.Object)'> (0x0000000086c06428) 
thrown [e:\jenkins\tmp\workspace\build\src\src\hotspot\share\interpreter\linkResolver.cpp, line 766]
Event: 2.226 Thread 0x000001c0946cdc40 Exception <a 'java/lang/NoSuchMethodError'{0x0000000086bc5038}: 'java.lang.Object java.lang.invoke.DirectMethodHandle$Holder.invokeStatic(java.lang.Object, java.lang.Object, int)'> (0x0000000086bc5038) 
thrown [e:\jenkins\tmp\workspace\build\src\src\hotspot\share\interpreter\linkResolver.cpp, line 766]
Event: 2.227 Thread 0x000001c0946cdc40 Exception <a 'java/lang/NoSuchMethodError'{0x0000000086bd0d78}: 'void java.lang.invoke.DelegatingMethodHandle$Holder.delegate(java.lang.Object, java.lang.Object, int, java.lang.Object)'> (0x0000000086bd0d78) 
thrown [e:\jenkins\tmp\workspace\build\src\src\hotspot\share\interpreter\linkResolver.cpp, line 766]
Event: 2.269 Thread 0x000001c0946cdc40 Exception <a 'java/lang/NoSuchMethodError'{0x00000000869b70f8}: 'void java.lang.invoke.DirectMethodHandle$Holder.invokeInterface(java.lang.Object, java.lang.Object, int)'> (0x00000000869b70f8) 
thrown [e:\jenkins\tmp\workspace\build\src\src\hotspot\share\interpreter\linkResolver.cpp, line 766]
Event: 2.274 Thread 0x000001c0946cdc40 Exception <a 'java/lang/IncompatibleClassChangeError'{0x0000000086807a18}: Found class java.lang.Object, but interface was expected> (0x0000000086807a18) 
thrown [e:\jenkins\tmp\workspace\build\src\src\hotspot\share\interpreter\linkResolver.cpp, line 833]
Event: 2.275 Thread 0x000001c0946cdc40 Exception <a 'java/lang/NoSuchMethodError'{0x000000008680cba0}: 'void java.lang.invoke.DirectMethodHandle$Holder.invokeStatic(java.lang.Object, int, java.lang.Object)'> (0x000000008680cba0) 
thrown [e:\jenkins\tmp\workspace\build\src\src\hotspot\share\interpreter\linkResolver.cpp, line 766]
Event: 2.278 Thread 0x000001c0946cdc40 Exception <a 'java/lang/NoSuchMethodError'{0x000000008683bf10}: 'int java.lang.invoke.DirectMethodHandle$Holder.invokeSpecial(java.lang.Object, java.lang.Object, int)'> (0x000000008683bf10) 
thrown [e:\jenkins\tmp\workspace\build\src\src\hotspot\share\interpreter\linkResolver.cpp, line 766]

VM Operations (20 events):
Event: 1.789 Executing VM operation: HandshakeAllThreads
Event: 1.789 Executing VM operation: HandshakeAllThreads done
Event: 1.928 Executing VM operation: HandshakeAllThreads
Event: 1.928 Executing VM operation: HandshakeAllThreads done
Event: 1.998 Executing VM operation: ICBufferFull
Event: 1.998 Executing VM operation: ICBufferFull done
Event: 2.053 Executing VM operation: HandshakeAllThreads
Event: 2.053 Executing VM operation: HandshakeAllThreads done
Event: 2.054 Executing VM operation: HandshakeAllThreads
Event: 2.054 Executing VM operation: HandshakeAllThreads done
Event: 2.071 Executing VM operation: HandshakeAllThreads
Event: 2.071 Executing VM operation: HandshakeAllThreads done
Event: 2.115 Executing VM operation: HandshakeAllThreads
Event: 2.115 Executing VM operation: HandshakeAllThreads done
Event: 2.226 Executing VM operation: HandshakeAllThreads
Event: 2.226 Executing VM operation: HandshakeAllThreads done
Event: 2.235 Executing VM operation: HandshakeAllThreads
Event: 2.235 Executing VM operation: HandshakeAllThreads done
Event: 2.304 Executing VM operation: ICBufferFull
Event: 2.304 Executing VM operation: ICBufferFull done

Events (20 events):
Event: 2.225 loading class java/lang/invoke/MethodHandleImpl$CasesHolder
Event: 2.225 loading class java/lang/invoke/MethodHandleImpl$CasesHolder done
Event: 2.225 loading class java/lang/invoke/MethodHandleImpl$LoopClauses
Event: 2.225 loading class java/lang/invoke/MethodHandleImpl$LoopClauses done
Event: 2.225 loading class java/lang/invoke/MethodHandleImpl$ArrayAccess
Event: 2.225 loading class java/lang/invoke/MethodHandleImpl$ArrayAccess done
Event: 2.225 loading class java/lang/invoke/MethodHandleImpl$2
Event: 2.225 loading class java/lang/invoke/MethodHandleImpl$2 done
Event: 2.225 loading class java/lang/invoke/MethodHandleImpl$ArrayAccessor
Event: 2.225 loading class java/lang/invoke/MethodHandleImpl$ArrayAccessor done
Event: 2.225 loading class java/lang/invoke/MethodHandleImpl$ArrayAccessor$1
Event: 2.225 loading class java/lang/invoke/MethodHandleImpl$ArrayAccessor$1 done
Event: 2.225 loading class java/lang/ClassValue$ClassValueMap
Event: 2.225 loading class java/lang/ClassValue$ClassValueMap done
Event: 2.228 loading class java/util/Collections$CopiesList
Event: 2.228 loading class java/util/Collections$CopiesList done
Event: 2.230 loading class java/lang/invoke/MethodHandleImpl$WrappedMember
Event: 2.230 loading class java/lang/invoke/MethodHandleImpl$WrappedMember done
Event: 2.262 loading class java/lang/Class$EnclosingMethodInfo
Event: 2.262 loading class java/lang/Class$EnclosingMethodInfo done


Dynamic libraries:
0x00007ff7d9060000 - 0x00007ff7d906e000 	C:\Users\dipak\Downloads\sts-4.13.1.RELEASE\plugins\org.eclipse.justj.openjdk.hotspot.jre.full.win32.x86_64_17.0.1.v20211116-1657\jre\bin\javaw.exe
0x00007ff95ec10000 - 0x00007ff95ee05000 	C:\WINDOWS\SYSTEM32\ntdll.dll
0x00007ff95e840000 - 0x00007ff95e8fe000 	C:\WINDOWS\System32\KERNEL32.DLL
0x00007ff95c320000 - 0x00007ff95c5e8000 	C:\WINDOWS\System32\KERNELBASE.dll
0x00007ff95c6a0000 - 0x00007ff95c7a0000 	C:\WINDOWS\System32\ucrtbase.dll
0x00007ff9407b0000 - 0x00007ff9407c8000 	C:\Users\dipak\Downloads\sts-4.13.1.RELEASE\plugins\org.eclipse.justj.openjdk.hotspot.jre.full.win32.x86_64_17.0.1.v20211116-1657\jre\bin\jli.dll
0x00007ff940520000 - 0x00007ff940539000 	C:\Users\dipak\Downloads\sts-4.13.1.RELEASE\plugins\org.eclipse.justj.openjdk.hotspot.jre.full.win32.x86_64_17.0.1.v20211116-1657\jre\bin\VCRUNTIME140.dll
0x00007ff95d410000 - 0x00007ff95d5b0000 	C:\WINDOWS\System32\USER32.dll
0x00007ff95c7a0000 - 0x00007ff95c7c2000 	C:\WINDOWS\System32\win32u.dll
0x00007ff95e720000 - 0x00007ff95e74b000 	C:\WINDOWS\System32\GDI32.dll
0x00007ff9450e0000 - 0x00007ff94537a000 	C:\WINDOWS\WinSxS\amd64_microsoft.windows.common-controls_6595b64144ccf1df_6.0.19041.1110_none_60b5254171f9507e\COMCTL32.dll
0x00007ff95c920000 - 0x00007ff95ca2d000 	C:\WINDOWS\System32\gdi32full.dll
0x00007ff95d780000 - 0x00007ff95d81e000 	C:\WINDOWS\System32\msvcrt.dll
0x00007ff95ca60000 - 0x00007ff95cafd000 	C:\WINDOWS\System32\msvcp_win.dll
0x00007ff95d0f0000 - 0x00007ff95d120000 	C:\WINDOWS\System32\IMM32.DLL
0x00007ff949770000 - 0x00007ff94977c000 	C:\Users\dipak\Downloads\sts-4.13.1.RELEASE\plugins\org.eclipse.justj.openjdk.hotspot.jre.full.win32.x86_64_17.0.1.v20211116-1657\jre\bin\vcruntime140_1.dll
0x00007ff92d800000 - 0x00007ff92d891000 	C:\Users\dipak\Downloads\sts-4.13.1.RELEASE\plugins\org.eclipse.justj.openjdk.hotspot.jre.full.win32.x86_64_17.0.1.v20211116-1657\jre\bin\msvcp140.dll
0x00007ff8e9f30000 - 0x00007ff8eab76000 	C:\Users\dipak\Downloads\sts-4.13.1.RELEASE\plugins\org.eclipse.justj.openjdk.hotspot.jre.full.win32.x86_64_17.0.1.v20211116-1657\jre\bin\server\jvm.dll
0x00007ff95d2b0000 - 0x00007ff95d35e000 	C:\WINDOWS\System32\ADVAPI32.dll
0x00007ff95dbd0000 - 0x00007ff95dc6c000 	C:\WINDOWS\System32\sechost.dll
0x00007ff95daa0000 - 0x00007ff95dbc5000 	C:\WINDOWS\System32\RPCRT4.dll
0x00007ff95e830000 - 0x00007ff95e838000 	C:\WINDOWS\System32\PSAPI.DLL
0x00007ff957630000 - 0x00007ff957639000 	C:\WINDOWS\SYSTEM32\WSOCK32.dll
0x00007ff952e40000 - 0x00007ff952e4a000 	C:\WINDOWS\SYSTEM32\VERSION.dll
0x00007ff95d900000 - 0x00007ff95d96b000 	C:\WINDOWS\System32\WS2_32.dll
0x00007ff942830000 - 0x00007ff942857000 	C:\WINDOWS\SYSTEM32\WINMM.dll
0x00007ff95ae20000 - 0x00007ff95ae32000 	C:\WINDOWS\SYSTEM32\kernel.appcore.dll
0x00007ff940640000 - 0x00007ff94064a000 	C:\Users\dipak\Downloads\sts-4.13.1.RELEASE\plugins\org.eclipse.justj.openjdk.hotspot.jre.full.win32.x86_64_17.0.1.v20211116-1657\jre\bin\jimage.dll
0x00007ff95a880000 - 0x00007ff95aa64000 	C:\WINDOWS\SYSTEM32\DBGHELP.DLL
0x00007ff945570000 - 0x00007ff94559c000 	C:\WINDOWS\SYSTEM32\dbgcore.DLL
0x00007ff95c840000 - 0x00007ff95c8c2000 	C:\WINDOWS\System32\bcryptPrimitives.dll
0x00007ff9298c0000 - 0x00007ff9298e5000 	C:\Users\dipak\Downloads\sts-4.13.1.RELEASE\plugins\org.eclipse.justj.openjdk.hotspot.jre.full.win32.x86_64_17.0.1.v20211116-1657\jre\bin\java.dll
0x00007ff92b9c0000 - 0x00007ff92b9d8000 	C:\Users\dipak\Downloads\sts-4.13.1.RELEASE\plugins\org.eclipse.justj.openjdk.hotspot.jre.full.win32.x86_64_17.0.1.v20211116-1657\jre\bin\zip.dll
0x00007ff95dc70000 - 0x00007ff95e3b4000 	C:\WINDOWS\System32\SHELL32.dll
0x00007ff959fe0000 - 0x00007ff95a774000 	C:\WINDOWS\SYSTEM32\windows.storage.dll
0x00007ff95e3c0000 - 0x00007ff95e715000 	C:\WINDOWS\System32\combase.dll
0x00007ff95bca0000 - 0x00007ff95bcce000 	C:\WINDOWS\SYSTEM32\Wldp.dll
0x00007ff95d1a0000 - 0x00007ff95d24d000 	C:\WINDOWS\System32\SHCORE.dll
0x00007ff95e9f0000 - 0x00007ff95ea45000 	C:\WINDOWS\System32\shlwapi.dll
0x00007ff95c260000 - 0x00007ff95c27f000 	C:\WINDOWS\SYSTEM32\profapi.dll
0x00007ff9291f0000 - 0x00007ff929209000 	C:\Users\dipak\Downloads\sts-4.13.1.RELEASE\plugins\org.eclipse.justj.openjdk.hotspot.jre.full.win32.x86_64_17.0.1.v20211116-1657\jre\bin\net.dll
0x00007ff953130000 - 0x00007ff95323c000 	C:\WINDOWS\SYSTEM32\WINHTTP.dll
0x00007ff95ba00000 - 0x00007ff95ba6a000 	C:\WINDOWS\system32\mswsock.dll
0x00007ff9291d0000 - 0x00007ff9291e5000 	C:\Users\dipak\Downloads\sts-4.13.1.RELEASE\plugins\org.eclipse.justj.openjdk.hotspot.jre.full.win32.x86_64_17.0.1.v20211116-1657\jre\bin\nio.dll
0x00007ff93bfa0000 - 0x00007ff93bfb0000 	C:\Users\dipak\Downloads\sts-4.13.1.RELEASE\plugins\org.eclipse.justj.openjdk.hotspot.jre.full.win32.x86_64_17.0.1.v20211116-1657\jre\bin\verify.dll
0x00007ff9576c0000 - 0x00007ff9576c9000 	C:\Users\dipak\Downloads\sts-4.13.1.RELEASE\plugins\org.eclipse.justj.openjdk.hotspot.jre.full.win32.x86_64_17.0.1.v20211116-1657\jre\bin\management.dll
0x00007ff9576a0000 - 0x00007ff9576ab000 	C:\Users\dipak\Downloads\sts-4.13.1.RELEASE\plugins\org.eclipse.justj.openjdk.hotspot.jre.full.win32.x86_64_17.0.1.v20211116-1657\jre\bin\management_ext.dll
0x00007ff919420000 - 0x00007ff919437000 	C:\WINDOWS\system32\napinsp.dll
0x00007ff919400000 - 0x00007ff91941b000 	C:\WINDOWS\system32\pnrpnsp.dll
0x00007ff931bb0000 - 0x00007ff931bc5000 	C:\WINDOWS\system32\wshbth.dll
0x00007ff9575c0000 - 0x00007ff9575dd000 	C:\WINDOWS\system32\NLAapi.dll
0x00007ff95b6f0000 - 0x00007ff95b72b000 	C:\WINDOWS\SYSTEM32\IPHLPAPI.DLL
0x00007ff95b730000 - 0x00007ff95b7fb000 	C:\WINDOWS\SYSTEM32\DNSAPI.dll
0x00007ff95cc60000 - 0x00007ff95cc68000 	C:\WINDOWS\System32\NSI.dll
0x00007ff9193e0000 - 0x00007ff9193f2000 	C:\WINDOWS\System32\winrnr.dll
0x00007ff953270000 - 0x00007ff95327a000 	C:\Windows\System32\rasadhlp.dll
0x00007ff951f70000 - 0x00007ff951fef000 	C:\WINDOWS\System32\fwpuclnt.dll
0x00007ff95ca30000 - 0x00007ff95ca57000 	C:\WINDOWS\System32\bcrypt.dll

dbghelp: loaded successfully - version: 4.0.5 - missing functions: none
symbol engine: initialized successfully - sym options: 0x614 - pdb path: .;C:\Users\dipak\Downloads\sts-4.13.1.RELEASE\plugins\org.eclipse.justj.openjdk.hotspot.jre.full.win32.x86_64_17.0.1.v20211116-1657\jre\bin;C:\WINDOWS\SYSTEM32;C:\WINDOWS\WinSxS\amd64_microsoft.windows.common-controls_6595b64144ccf1df_6.0.19041.1110_none_60b5254171f9507e;C:\Users\dipak\Downloads\sts-4.13.1.RELEASE\plugins\org.eclipse.justj.openjdk.hotspot.jre.full.win32.x86_64_17.0.1.v20211116-1657\jre\bin\server

VM Arguments:
jvm_args: -Dfile.encoding=UTF-8 -XX:+ShowCodeDetailsInExceptionMessages 
java_command: com.springboot.CgSpringBootDemoApplication
java_class_path (initial): C:\Users\dipak\Documents\workspace-spring-tool-suite-4-4.13.1.RELEASE\CGSpringBootDemo\target\classes;C:\Users\dipak\.m2\repository\org\springframework\boot\spring-boot-starter-data-jpa\2.6.4\spring-boot-starter-data-jpa-2.6.4.jar;C:\Users\dipak\.m2\repository\org\springframework\boot\spring-boot-starter-aop\2.6.4\spring-boot-starter-aop-2.6.4.jar;C:\Users\dipak\.m2\repository\org\springframework\spring-aop\5.3.16\spring-aop-5.3.16.jar;C:\Users\dipak\.m2\repository\org\aspectj\aspectjweaver\1.9.7\aspectjweaver-1.9.7.jar;C:\Users\dipak\.m2\repository\org\springframework\boot\spring-boot-starter-jdbc\2.6.4\spring-boot-starter-jdbc-2.6.4.jar;C:\Users\dipak\.m2\repository\com\zaxxer\HikariCP\4.0.3\HikariCP-4.0.3.jar;C:\Users\dipak\.m2\repository\org\springframework\spring-jdbc\5.3.16\spring-jdbc-5.3.16.jar;C:\Users\dipak\.m2\repository\jakarta\transaction\jakarta.transaction-api\1.3.3\jakarta.transaction-api-1.3.3.jar;C:\Users\dipak\.m2\repository\jakarta\persistence\jakarta.persistence-api\2.2.3\jakarta.persistence-api-2.2.3.jar;C:\Users\dipak\.m2\repository\org\hibernate\hibernate-core\5.6.5.Final\hibernate-core-5.6.5.Final.jar;C:\Users\dipak\.m2\repository\org\jboss\logging\jboss-logging\3.4.3.Final\jboss-logging-3.4.3.Final.jar;C:\Users\dipak\.m2\repository\net\bytebuddy\byte-buddy\1.11.22\byte-buddy-1.11.22.jar;C:\Users\dipak\.m2\repository\antlr\antlr\2.7.7\antlr-2.7.7.jar;C:\Users\dipak\.m2\repository\org\jboss\jandex\2.4.2.Final\jandex-2.4.2.Final.jar;C:\Users\dipak\.m2\repository\com\fasterxml\classmate\1.5.1\classmate-1.5.1.jar;C:\Users\dipak\.m2\repository\org\hibernate\common\hibernate-commons-annotations\5.1.2.Final\hibernate-commons-annotations-5.1.2.Final.jar;C:\Users\dipak\.m2\repository\org\glassfish\jaxb\jaxb-runtime\2.3.6\jaxb-runtime-2.3.6.jar;C:\Users\dipak\.m2\repository\org\glassfish\jaxb\txw2\2.3.6\txw2-2.3.6.jar;C:\Users\dipak\.m2\repository\com\sun\istack\istack-commons-runtime\3.0.12\istack-commons-runtime-3.0.12.j
Launcher Type: SUN_STANDARD

[Global flags]
     intx CICompilerCount                          = 4                                         {product} {ergonomic}
     uint ConcGCThreads                            = 2                                         {product} {ergonomic}
     uint G1ConcRefinementThreads                  = 8                                         {product} {ergonomic}
   size_t G1HeapRegionSize                         = 1048576                                   {product} {ergonomic}
    uintx GCDrainStackTargetSize                   = 64                                        {product} {ergonomic}
   size_t InitialHeapSize                          = 132120576                                 {product} {ergonomic}
   size_t MarkStackSize                            = 4194304                                   {product} {ergonomic}
   size_t MaxHeapSize                              = 2113929216                                {product} {ergonomic}
   size_t MaxNewSize                               = 1267728384                                {product} {ergonomic}
   size_t MinHeapDeltaBytes                        = 1048576                                   {product} {ergonomic}
   size_t MinHeapSize                              = 8388608                                   {product} {ergonomic}
    uintx NonNMethodCodeHeapSize                   = 5839372                                {pd product} {ergonomic}
    uintx NonProfiledCodeHeapSize                  = 122909434                              {pd product} {ergonomic}
    uintx ProfiledCodeHeapSize                     = 122909434                              {pd product} {ergonomic}
    uintx ReservedCodeCacheSize                    = 251658240                              {pd product} {ergonomic}
     bool SegmentedCodeCache                       = true                                      {product} {ergonomic}
     bool ShowCodeDetailsInExceptionMessages       = true                                   {manageable} {command line}
   size_t SoftMaxHeapSize                          = 2113929216                             {manageable} {ergonomic}
     bool UseCompressedClassPointers               = true                           {product lp64_product} {ergonomic}
     bool UseCompressedOops                        = true                           {product lp64_product} {ergonomic}
     bool UseG1GC                                  = true                                      {product} {ergonomic}
     bool UseLargePagesIndividualAllocation        = false                                  {pd product} {ergonomic}

Logging:
Log output configuration:
 #0: stdout all=warning uptime,level,tags
 #1: stderr all=off uptime,level,tags

Environment Variables:
JAVA_HOME=C:\Program Files\Java\jdk1.8.0_291
PATH=C:/Users/dipak/Downloads/sts-4.13.1.RELEASE//plugins/org.eclipse.justj.openjdk.hotspot.jre.full.win32.x86_64_17.0.1.v20211116-1657/jre/bin/server;C:/Users/dipak/Downloads/sts-4.13.1.RELEASE//plugins/org.eclipse.justj.openjdk.hotspot.jre.full.win32.x86_64_17.0.1.v20211116-1657/jre/bin;C:\Program Files (x86)\Common Files\Oracle\Java\javapath;C:\oraclexe\app\oracle\product\11.2.0\server\bin;C:\WINDOWS\system32;C:\WINDOWS;C:\WINDOWS\System32\Wbem;C:\WINDOWS\System32\WindowsPowerShell\v1.0\;C:\WINDOWS\System32\OpenSSH\;C:\Program Files (x86)\Brackets\command;C:\ProgramData\chocolatey\bin;C:\Program Files\nodejs\;C:\Program Files\Java\jdk-15.0.1;C:\Program Files\Java\jdk1.8.0_291\bin;C:\Program Files (x86)\Intel\Intel(R) Management Engine Components\DAL;C:\Program Files\Intel\Intel(R) Management Engine Components\DAL;C:\Program Files\Git\cmd;C:\Program Files\MySQL\MySQL Shell 8.0\bin\;C:\Users\dipak\AppData\Local\Microsoft\WindowsApps;C:\Users\dipak\AppData\Roaming\npm;C:\Users\dipak\AppData\Local\atom\bin;%USERPROFILE%\AppData\Local\Microsoft\WindowsApps;;C:\Users\dipak\Downloads\sts-4.13.1.RELEASE;
USERNAME=dipak
OS=Windows_NT
PROCESSOR_IDENTIFIER=Intel64 Family 6 Model 142 Stepping 10, GenuineIntel



---------------  S Y S T E M  ---------------

OS:
 Windows 10 , 64 bit Build 19041 (10.0.19041.1503)
OS uptime: 13 days 20:21 hours

CPU: total 8 (initial active 8) (4 cores per cpu, 2 threads per core) family 6 model 142 stepping 10 microcode 0xec, cx8, cmov, fxsr, ht, mmx, 3dnowpref, sse, sse2, sse3, ssse3, sse4.1, sse4.2, popcnt, lzcnt, tsc, tscinvbit, avx, avx2, aes, erms, clmul, bmi1, bmi2, adx, fma, vzeroupper, clflush, clflushopt

Memory: 4k page, system-wide physical 8056M (470M free)
TotalPageFile size 11056M (AvailPageFile size 3M)
current process WorkingSet (physical memory assigned to process): 192M, peak: 192M
current process commit charge ("private bytes"): 270M, peak: 270M

vm_info: OpenJDK 64-Bit Server VM (17.0.1+12) for windows-amd64 JRE (17.0.1+12), built on Oct 20 2021 07:42:55 by "" with MS VC++ 16.7 (VS2019)

END.
